<?xml version="1.0" encoding="UTF-8"?>
<!-- Generated by org.testng.reporters.JUnitReportReporter -->
<testsuite hostname="AWLIN-DT-11410" name="TestNG.testngXML" tests="1" failures="0" timestamp="24 Jan 2020 05:18:02 GMT" time="0.005" errors="0">
  <testcase name="Fibonacci_Series" time="0.005" classname="TestNG.testngXML"/>
</testsuite> <!-- TestNG.testngXML -->
