<?xml version="1.0" encoding="UTF-8"?>
<!-- Generated by org.testng.reporters.JUnitReportReporter -->
<testsuite hostname="AWLIN-DT-11410" name="pratic.demo" tests="1" failures="0" timestamp="19 Jun 2019 12:02:16 GMT" time="14.882" errors="0">
  <testcase name="f" time="14.882" classname="pratic.demo"/>
</testsuite> <!-- pratic.demo -->
