<?xml version="1.0" encoding="UTF-8"?>
<!-- Generated by org.testng.reporters.JUnitReportReporter -->
<testsuite hostname="AWLIN-DT-11410" name="TestNGDependencies.GroupDependencies" tests="3" failures="0" timestamp="24 Jan 2020 09:28:13 GMT" time="0.010" errors="0">
  <testcase name="testtwo" time="0.001" classname="TestNGDependencies.GroupDependencies"/>
  <testcase name="testone" time="0.008" classname="TestNGDependencies.GroupDependencies"/>
  <testcase name="testthree" time="0.001" classname="TestNGDependencies.GroupDependencies"/>
</testsuite> <!-- TestNGDependencies.GroupDependencies -->
