<?xml version="1.0" encoding="UTF-8"?>
<!-- Generated by org.testng.reporters.JUnitReportReporter -->
<testsuite hostname="AWLIN-DT-11410" name="TestNG.MultithreadTestNG.MultipleBrowserParalleltesting" tests="1" failures="0" timestamp="29 Apr 2021 09:24:48 GMT" time="8.515" errors="0">
  <testcase name="testcase" time="8.515" classname="TestNG.MultithreadTestNG.MultipleBrowserParalleltesting"/>
</testsuite> <!-- TestNG.MultithreadTestNG.MultipleBrowserParalleltesting -->
