<?xml version="1.0" encoding="UTF-8"?>
<!-- Generated by org.testng.reporters.JUnitReportReporter -->
<testsuite hostname="AWLIN-DT-11410" name="pratic.TestiNG_Practical" tests="3" failures="0" timestamp="4 Jun 2019 10:41:49 GMT" time="0.006" errors="0">
  <testcase name="deleteMerchant" time="0.000" classname="pratic.TestiNG_Practical"/>
  <testcase name="logIn" time="0.005" classname="pratic.TestiNG_Practical"/>
  <testcase name="assetsSwap" time="0.001" classname="pratic.TestiNG_Practical"/>
</testsuite> <!-- pratic.TestiNG_Practical -->
