<?xml version="1.0" encoding="UTF-8"?>
<!-- Generated by org.testng.reporters.JUnitReportReporter -->
<testsuite hostname="AWLIN-DT-11410" name="pratic.DatePicker" tests="1" failures="0" timestamp="12 Jun 2019 06:04:35 GMT" time="62.942" errors="0">
  <testcase name="testcase" time="62.942" classname="pratic.DatePicker"/>
</testsuite> <!-- pratic.DatePicker -->
