<?xml version="1.0" encoding="UTF-8"?>
<!-- Generated by org.testng.reporters.JUnitReportReporter -->
<testsuite hostname="AWLIN-DT-11410" name="Question.automationpracticeTest" tests="1" failures="0" timestamp="18 Feb 2020 09:18:14 GMT" time="56.873" errors="0">
  <testcase name="f" time="56.873" classname="Question.automationpracticeTest"/>
</testsuite> <!-- Question.automationpracticeTest -->
