<?xml version="1.0" encoding="UTF-8"?>
<!-- Generated by org.testng.reporters.JUnitReportReporter -->
<testsuite hostname="AWLIN-DT-11410" name="TestNG.testngXML2" tests="2" failures="0" timestamp="24 Jan 2020 05:18:02 GMT" time="26.446" errors="0">
  <testcase name="PrimeNo" time="0.007" classname="TestNG.testngXML2"/>
  <testcase name="ScrollDown" time="26.439" classname="TestNG.testngXML2"/>
</testsuite> <!-- TestNG.testngXML2 -->
