<?xml version="1.0" encoding="UTF-8"?>
<!-- Generated by org.testng.reporters.JUnitReportReporter -->
<testsuite hostname="AWLIN-DT-11410" name="TestNGGroup.GroupTestNG" tests="8" failures="0" timestamp="21 Apr 2021 06:32:19 GMT" time="0.015" errors="0">
  <testcase name="test6" time="0.000" classname="TestNGGroup.GroupTestNG"/>
  <testcase name="test7" time="0.000" classname="TestNGGroup.GroupTestNG"/>
  <testcase name="test4" time="0.000" classname="TestNGGroup.GroupTestNG"/>
  <testcase name="test8" time="0.000" classname="TestNGGroup.GroupTestNG"/>
  <testcase name="test5" time="0.000" classname="TestNGGroup.GroupTestNG"/>
  <testcase name="Test1" time="0.015" classname="TestNGGroup.GroupTestNG"/>
  <testcase name="Test2" time="0.000" classname="TestNGGroup.GroupTestNG"/>
  <testcase name="test3" time="0.000" classname="TestNGGroup.GroupTestNG"/>
</testsuite> <!-- TestNGGroup.GroupTestNG -->
