<?xml version="1.0" encoding="UTF-8"?>
<!-- Generated by org.testng.reporters.JUnitReportReporter -->
<testsuite hostname="AWLIN-DT-11410" name="TestNGPriority.TestNGPriorityDemo" tests="12" failures="0" timestamp="5 Dec 2019 06:33:52 GMT" time="0.017" errors="0">
  <testcase name="functionone" time="0.001" classname="TestNGPriority.TestNGPriorityDemo"/>
  <testcase name="functionthreee" time="0.000" classname="TestNGPriority.TestNGPriorityDemo"/>
  <testcase name="TestTwoo" time="0.008" classname="TestNGPriority.TestNGPriorityDemo"/>
  <testcase name="Testcaseone" time="0.001" classname="TestNGPriority.TestNGPriorityDemo"/>
  <testcase name="TestTwo" time="0.001" classname="TestNGPriority.TestNGPriorityDemo"/>
  <testcase name="TestCaseThree" time="0.000" classname="TestNGPriority.TestNGPriorityDemo"/>
  <testcase name="TestOne" time="0.001" classname="TestNGPriority.TestNGPriorityDemo"/>
  <testcase name="TestThreee" time="0.000" classname="TestNGPriority.TestNGPriorityDemo"/>
  <testcase name="Testonee" time="0.000" classname="TestNGPriority.TestNGPriorityDemo"/>
  <testcase name="functiontwo" time="0.001" classname="TestNGPriority.TestNGPriorityDemo"/>
  <testcase name="TestCaseTwo" time="0.001" classname="TestNGPriority.TestNGPriorityDemo"/>
  <testcase name="TestThree" time="0.003" classname="TestNGPriority.TestNGPriorityDemo"/>
</testsuite> <!-- TestNGPriority.TestNGPriorityDemo -->
