<?xml version="1.0" encoding="UTF-8"?>
<!-- Generated by org.testng.reporters.JUnitReportReporter -->
<testsuite hostname="AWLIN-DT-11410" name="TestNG.MultithreadTestNG.MultiThreadTestNG" tests="3" failures="0" timestamp="2 Dec 2019 08:29:52 GMT" time="116.194" errors="0">
  <testcase name="ScrollDown" time="37.624" classname="TestNG.MultithreadTestNG.MultiThreadTestNG"/>
  <testcase name="JaguarClassicBlue" time="17.666" classname="TestNG.MultithreadTestNG.MultiThreadTestNG"/>
  <testcase name="ArmafClubDeNote" time="60.904" classname="TestNG.MultithreadTestNG.MultiThreadTestNG"/>
</testsuite> <!-- TestNG.MultithreadTestNG.MultiThreadTestNG -->
