<?xml version="1.0" encoding="UTF-8"?>
<!-- Generated by org.testng.reporters.JUnitReportReporter -->
<testsuite hostname="AWLIN-DT-11410" name="pratic.OrangeHRM" tests="1" failures="0" timestamp="11 Jul 2019 10:26:46 GMT" time="20.248" errors="0">
  <testcase name="testcase" time="20.248" classname="pratic.OrangeHRM"/>
</testsuite> <!-- pratic.OrangeHRM -->
