<?xml version="1.0" encoding="UTF-8"?>
<!-- Generated by org.testng.reporters.JUnitReportReporter -->
<testsuite hostname="AWLIN-DT-11410" name="TestNGDependencies.GroupDependenciesTwo" tests="3" failures="0" timestamp="24 Jan 2020 09:36:33 GMT" time="0.011" errors="0">
  <testcase name="testthree" time="0.000" classname="TestNGDependencies.GroupDependenciesTwo"/>
  <testcase name="testone" time="0.010" classname="TestNGDependencies.GroupDependenciesTwo"/>
  <testcase name="testtwo" time="0.001" classname="TestNGDependencies.GroupDependenciesTwo"/>
</testsuite> <!-- TestNGDependencies.GroupDependenciesTwo -->
