<?xml version="1.0" encoding="UTF-8"?>
<!-- Generated by org.testng.reporters.JUnitReportReporter -->
<testsuite hostname="AWLIN-DT-11410" name="pratic.NewTest" tests="1" failures="0" timestamp="17 Jun 2019 12:10:58 GMT" time="2.157" errors="0">
  <testcase name="thirdcaes" time="2.157" classname="pratic.NewTest"/>
</testsuite> <!-- pratic.NewTest -->
