<?xml version="1.0" encoding="UTF-8"?>
<!-- Generated by org.testng.reporters.JUnitReportReporter -->
<testsuite hostname="AWLIN-DT-11410" name="TestNGGroup.GroupTestNG" tests="3" failures="0" timestamp="29 Apr 2021 09:32:12 GMT" time="0.016" errors="0">
  <testcase name="Test2" time="0.004" classname="TestNGGroup.GroupTestNG"/>
  <testcase name="test5" time="0.001" classname="TestNGGroup.GroupTestNG"/>
  <testcase name="Test1" time="0.011" classname="TestNGGroup.GroupTestNG"/>
</testsuite> <!-- TestNGGroup.GroupTestNG -->
