<?xml version="1.0" encoding="UTF-8"?>
<!-- Generated by org.testng.reporters.JUnitReportReporter -->
<testsuite hostname="AWLIN-DT-11410" name="snowsoftware.snowSoftware" tests="1" failures="0" timestamp="30 Nov 2020 08:19:28 GMT" time="102.917" errors="0">
  <testcase name="initiation" time="102.917" classname="snowsoftware.snowSoftware"/>
</testsuite> <!-- snowsoftware.snowSoftware -->
