<?xml version="1.0" encoding="UTF-8"?>
<!-- Generated by org.testng.reporters.JUnitReportReporter -->
<testsuite hostname="AWLIN-DT-11410" name="TestNG.MultithreadTestNG.MultipleBrowserParalleltesting" tests="1" failures="0" timestamp="5 Dec 2019 09:01:27 GMT" time="4.815" errors="0">
  <testcase name="testcase" time="4.815" classname="TestNG.MultithreadTestNG.MultipleBrowserParalleltesting"/>
</testsuite> <!-- TestNG.MultithreadTestNG.MultipleBrowserParalleltesting -->
