<?xml version="1.0" encoding="UTF-8"?>
<!-- Generated by org.testng.reporters.JUnitReportReporter -->
<testsuite hostname="AWLIN-DT-11410" name="TestNGDependencies.DemoOneDependencies" tests="2" failures="0" timestamp="25 May 2020 15:00:28 GMT" time="0.012" errors="0">
  <testcase name="testone" time="0.010" classname="TestNGDependencies.DemoOneDependencies"/>
  <testcase name="testtwo" time="0.002" classname="TestNGDependencies.DemoOneDependencies"/>
</testsuite> <!-- TestNGDependencies.DemoOneDependencies -->
