<?xml version="1.0" encoding="UTF-8"?>
<!-- Generated by org.testng.reporters.JUnitReportReporter -->
<testsuite hostname="AWLIN-DT-11410" name="TestNG.MultithreadTestNG.MultiThreadTestNG" tests="3" failures="0" timestamp="21 Apr 2021 06:26:33 GMT" time="68.653" errors="0">
  <testcase name="ArmafClubDeNote" time="7.419" classname="TestNG.MultithreadTestNG.MultiThreadTestNG"/>
  <testcase name="JaguarClassicBlue" time="41.598" classname="TestNG.MultithreadTestNG.MultiThreadTestNG"/>
  <testcase name="ScrollDown" time="19.636" classname="TestNG.MultithreadTestNG.MultiThreadTestNG"/>
</testsuite> <!-- TestNG.MultithreadTestNG.MultiThreadTestNG -->
