<?xml version="1.0" encoding="UTF-8"?>
<!-- Generated by org.testng.reporters.JUnitReportReporter -->
<testsuite hostname="AWLIN-DT-11410" name="pratic.AlertMessages" tests="1" failures="0" timestamp="8 Apr 2021 09:24:21 GMT" time="0.396" errors="0">
  <testcase name="Alertmsg" time="0.396" classname="pratic.AlertMessages"/>
</testsuite> <!-- pratic.AlertMessages -->
