<?xml version="1.0" encoding="UTF-8"?>
<!-- Generated by org.testng.reporters.JUnitReportReporter -->
<testsuite hostname="AWLIN-DT-11410" name="pratic.SeleniumEasy" tests="1" failures="0" timestamp="21 Nov 2019 09:02:24 GMT" time="23.268" errors="0">
  <testcase name="testcase" time="23.268" classname="pratic.SeleniumEasy"/>
</testsuite> <!-- pratic.SeleniumEasy -->
