<?xml version="1.0" encoding="UTF-8"?>
<!-- Generated by org.testng.reporters.JUnitReportReporter -->
<testsuite hostname="AWLIN-DT-11410" name="TestNGDependencies.DependenciesFormultipalTestCases" tests="3" failures="0" timestamp="25 May 2020 14:58:08 GMT" time="0.012" errors="0">
  <testcase name="testtwo" time="0.001" classname="TestNGDependencies.DependenciesFormultipalTestCases"/>
  <testcase name="testone" time="0.010" classname="TestNGDependencies.DependenciesFormultipalTestCases"/>
  <testcase name="testthree" time="0.001" classname="TestNGDependencies.DependenciesFormultipalTestCases"/>
</testsuite> <!-- TestNGDependencies.DependenciesFormultipalTestCases -->
