<?xml version="1.0" encoding="UTF-8"?>
<!-- Generated by org.testng.reporters.JUnitReportReporter -->
<testsuite hostname="AWLIN-DT-11410" name="TestNGParameters.DemoOne" tests="3" failures="0" timestamp="21 Apr 2021 06:45:59 GMT" time="0.010" errors="0">
  <testcase name="testtwo" time="0.001" classname="TestNGParameters.DemoOne"/>
  <testcase name="test" time="0.009" classname="TestNGParameters.DemoOne"/>
  <testcase name="testone" time="0.000" classname="TestNGParameters.DemoOne"/>
</testsuite> <!-- TestNGParameters.DemoOne -->
