<?xml version="1.0" encoding="UTF-8"?>
<!-- Generated by org.testng.reporters.JUnitReportReporter -->
<testsuite hostname="AWLIN-DT-11410" name="TestNGGroup.GroupTestNG" tests="2" failures="0" timestamp="25 May 2020 15:05:03 GMT" time="0.010" errors="0">
  <testcase name="Test2" time="0.001" classname="TestNGGroup.GroupTestNG"/>
  <testcase name="Test1" time="0.009" classname="TestNGGroup.GroupTestNG"/>
</testsuite> <!-- TestNGGroup.GroupTestNG -->
