<?xml version="1.0" encoding="UTF-8"?>
<!-- Generated by org.testng.reporters.JUnitReportReporter -->
<testsuite hostname="AWLIN-DT-11410" name="TestNGParameters.DemoOne" tests="3" failures="0" timestamp="24 Jan 2020 06:49:09 GMT" time="0.011" errors="0">
  <testcase name="test" time="0.009" classname="TestNGParameters.DemoOne"/>
  <testcase name="testone" time="0.001" classname="TestNGParameters.DemoOne"/>
  <testcase name="testtwo" time="0.001" classname="TestNGParameters.DemoOne"/>
</testsuite> <!-- TestNGParameters.DemoOne -->
