<?xml version="1.0" encoding="UTF-8"?>
<!-- Generated by org.testng.reporters.JUnitReportReporter -->
<testsuite hostname="AWLIN-DT-11410" name="pratic.SliderBar" tests="1" failures="0" timestamp="16 Oct 2019 07:17:31 GMT" time="0.185" errors="0">
  <testcase name="Sliderbar" time="0.185" classname="pratic.SliderBar"/>
</testsuite> <!-- pratic.SliderBar -->
