<?xml version="1.0" encoding="UTF-8"?>
<!-- Generated by org.testng.reporters.JUnitReportReporter -->
<testsuite hostname="AWLIN-DT-11410" name="TestNGDependencies.GroupDependenciesTwo" tests="3" failures="0" timestamp="21 Apr 2021 06:31:05 GMT" time="0.016" errors="0">
  <testcase name="testone" time="0.016" classname="TestNGDependencies.GroupDependenciesTwo"/>
  <testcase name="testthree" time="0.000" classname="TestNGDependencies.GroupDependenciesTwo"/>
  <testcase name="testtwo" time="0.000" classname="TestNGDependencies.GroupDependenciesTwo"/>
</testsuite> <!-- TestNGDependencies.GroupDependenciesTwo -->
